0 info it worked if it ends with ok
1 verbose cli [ 'F:\\Program Files\\node.exe',
1 verbose cli   'C:\\Users\\Stalevar\\AppData\\Roaming\\npm\\node_modules\\npm\\bin\\npm-cli.js',
1 verbose cli   'start' ]
2 info using npm@3.10.9
3 info using node@v4.4.4
4 verbose run-script [ 'prestart', 'start', 'poststart' ]
5 info lifecycle @~prestart: @
6 verbose lifecycle @~prestart: unsafe-perm in lifecycle true
7 verbose lifecycle @~prestart: PATH: C:\Users\Stalevar\AppData\Roaming\npm\node_modules\npm\bin\node-gyp-bin;F:\projects\searchinform-test-task\node_modules\.bin;C:\Program Files (x86)\NVIDIA Corporation\PhysX\Common;C:\ProgramData\Oracle\Java\javapath;C:\Ruby19\bin;C:\Program Files\PHP\v5.3;C:\Program Files (x86)\AMD APP\bin\x86_64;C:\Program Files (x86)\AMD APP\bin\x86;C:\Windows\system32;C:\Windows;C:\Windows\System32\Wbem;C:\Windows\System32\WindowsPowerShell\v1.0\;C:\Program Files (x86)\ATI Technologies\ATI.ACE\Core-Static;C:\Program Files\TortoiseSVN\bin;C:\Program Files\Microsoft\Web Platform Installer\;C:\Program Files (x86)\Git\cmd;C:\Program Files (x86)\CMake\bin;C:\Program Files\Microsoft SQL Server\110\Tools\Binn\;C:\Program Files\Microsoft SQL Server\120\Tools\Binn\;C:\Program Files (x86)\SlikSvn\bin;C:\Program Files (x86)\Skype\Phone\;C:\Program Files\Microsoft SQL Server\130\Tools\Binn\;F:\Program Files\Git\cmd;F:\Program Files\;C:\Program Files (x86)\curl;C:\Users\Stalevar\node_modules\karma\bin;C:\Program Files\Java\jdk1.7.0_60\bin;C:\pf\android-sdk\tools;C:\pf\android-sdk\platform-tools;C:\Users\Stalevar\AppData\Roaming\npm
8 verbose lifecycle @~prestart: CWD: F:\projects\searchinform-test-task
9 silly lifecycle @~prestart: Args: [ '/d /s /c', 'npm install' ]
10 silly lifecycle @~prestart: Returned: code: 0  signal: null
11 info lifecycle @~start: @
12 verbose lifecycle @~start: unsafe-perm in lifecycle true
13 verbose lifecycle @~start: PATH: C:\Users\Stalevar\AppData\Roaming\npm\node_modules\npm\bin\node-gyp-bin;F:\projects\searchinform-test-task\node_modules\.bin;C:\Program Files (x86)\NVIDIA Corporation\PhysX\Common;C:\ProgramData\Oracle\Java\javapath;C:\Ruby19\bin;C:\Program Files\PHP\v5.3;C:\Program Files (x86)\AMD APP\bin\x86_64;C:\Program Files (x86)\AMD APP\bin\x86;C:\Windows\system32;C:\Windows;C:\Windows\System32\Wbem;C:\Windows\System32\WindowsPowerShell\v1.0\;C:\Program Files (x86)\ATI Technologies\ATI.ACE\Core-Static;C:\Program Files\TortoiseSVN\bin;C:\Program Files\Microsoft\Web Platform Installer\;C:\Program Files (x86)\Git\cmd;C:\Program Files (x86)\CMake\bin;C:\Program Files\Microsoft SQL Server\110\Tools\Binn\;C:\Program Files\Microsoft SQL Server\120\Tools\Binn\;C:\Program Files (x86)\SlikSvn\bin;C:\Program Files (x86)\Skype\Phone\;C:\Program Files\Microsoft SQL Server\130\Tools\Binn\;F:\Program Files\Git\cmd;F:\Program Files\;C:\Program Files (x86)\curl;C:\Users\Stalevar\node_modules\karma\bin;C:\Program Files\Java\jdk1.7.0_60\bin;C:\pf\android-sdk\tools;C:\pf\android-sdk\platform-tools;C:\Users\Stalevar\AppData\Roaming\npm
14 verbose lifecycle @~start: CWD: F:\projects\searchinform-test-task
15 silly lifecycle @~start: Args: [ '/d /s /c', 'http-server -a localhost -p 8000 -c-1 ./app' ]
16 silly lifecycle @~start: Returned: code: 3221225786  signal: null
17 info lifecycle @~start: Failed to exec start script
18 verbose stack Error: @ start: `http-server -a localhost -p 8000 -c-1 ./app`
18 verbose stack Exit status 3221225786
18 verbose stack     at EventEmitter.<anonymous> (C:\Users\Stalevar\AppData\Roaming\npm\node_modules\npm\lib\utils\lifecycle.js:255:16)
18 verbose stack     at emitTwo (events.js:87:13)
18 verbose stack     at EventEmitter.emit (events.js:172:7)
18 verbose stack     at ChildProcess.<anonymous> (C:\Users\Stalevar\AppData\Roaming\npm\node_modules\npm\lib\utils\spawn.js:40:14)
18 verbose stack     at emitTwo (events.js:87:13)
18 verbose stack     at ChildProcess.emit (events.js:172:7)
18 verbose stack     at maybeClose (internal/child_process.js:827:16)
18 verbose stack     at Process.ChildProcess._handle.onexit (internal/child_process.js:211:5)
19 verbose pkgid @
20 verbose cwd F:\projects\searchinform-test-task
21 error Windows_NT 6.1.7601
22 error argv "F:\\Program Files\\node.exe" "C:\\Users\\Stalevar\\AppData\\Roaming\\npm\\node_modules\\npm\\bin\\npm-cli.js" "start"
23 error node v4.4.4
24 error npm  v3.10.9
25 error code ELIFECYCLE
26 error @ start: `http-server -a localhost -p 8000 -c-1 ./app`
26 error Exit status 3221225786
27 error Failed at the @ start script 'http-server -a localhost -p 8000 -c-1 ./app'.
27 error Make sure you have the latest version of node.js and npm installed.
27 error If you do, this is most likely a problem with the  package,
27 error not with npm itself.
27 error Tell the author that this fails on your system:
27 error     http-server -a localhost -p 8000 -c-1 ./app
27 error You can get information on how to open an issue for this project with:
27 error     npm bugs
27 error Or if that isn't available, you can get their info via:
27 error     npm owner ls
27 error There is likely additional logging output above.
28 verbose exit [ 1, true ]
